<?xml version="1.0" encoding="UTF-8"?>
<testng-results ignored="0" total="1" passed="1" failed="0" skipped="0">
  <reporter-output>
  </reporter-output>
  <suite started-at="2025-04-12T21:31:11 IST" name="Default suite" finished-at="2025-04-12T21:31:28 IST" duration-ms="17187">
    <groups>
    </groups>
    <test started-at="2025-04-12T21:31:11 IST" name="Default test" finished-at="2025-04-12T21:31:28 IST" duration-ms="17187">
      <class name="com.loginpage.TrialLogin">
        <test-method is-config="true" signature="setUp()[pri:0, instance:com.loginpage.TrialLogin@77888435]" started-at="2025-04-12T21:31:11 IST" name="setUp" finished-at="2025-04-12T21:31:17 IST" duration-ms="6252" status="PASS">
          <reporter-output>
          </reporter-output>
        </test-method> <!-- setUp -->
        <test-method signature="testLoginWithExcelData()[pri:0, instance:com.loginpage.TrialLogin@77888435]" started-at="2025-04-12T21:31:17 IST" name="testLoginWithExcelData" finished-at="2025-04-12T21:31:28 IST" duration-ms="10848" status="PASS">
          <reporter-output>
          </reporter-output>
        </test-method> <!-- testLoginWithExcelData -->
      </class> <!-- com.loginpage.TrialLogin -->
    </test> <!-- Default test -->
  </suite> <!-- Default suite -->
</testng-results>
